<?xml version="1.0" encoding="UTF-8"?>
<!-- Generated by org.testng.reporters.JUnitReportReporter -->
<testsuite hostname="DESKTOP-EQ55Q8H" failures="0" tests="1" name="test.ATPtest" time="2.413" errors="0" timestamp="2023-08-05T13:29:00 IST" skipped="0">
  <testcase classname="test.ATPtest" name="setUp" time="2.413"/>
</testsuite> <!-- test.ATPtest -->
