<?xml version="1.0" encoding="UTF-8"?>
<!-- Generated by org.testng.reporters.JUnitReportReporter -->
<testsuite hostname="DESKTOP-EQ55Q8H" failures="0" tests="1" name="test.ATPofferingtest" time="1.097" errors="0" timestamp="2023-08-31T15:18:59 IST" skipped="0">
  <testcase classname="test.ATPofferingtest" name="offering" time="1.097"/>
</testsuite> <!-- test.ATPofferingtest -->
