<?xml version="1.0" encoding="UTF-8"?>
<!-- Generated by org.testng.reporters.JUnitReportReporter -->
<testsuite hostname="DESKTOP-EQ55Q8H" failures="0" tests="1" name="test.ATPcontacttest" time="17.533" errors="0" timestamp="2023-08-31T15:18:59 IST" skipped="0">
  <testcase classname="test.ATPcontacttest" name="contact" time="17.533"/>
</testsuite> <!-- test.ATPcontacttest -->
