<?xml version="1.0" encoding="UTF-8"?>
<!-- Generated by org.testng.reporters.JUnitReportReporter -->
<testsuite hostname="DESKTOP-EQ55Q8H" failures="0" tests="1" name="test.ATPhometest" time="1.488" errors="0" timestamp="2023-08-31T15:18:59 IST" skipped="0">
  <testcase classname="test.ATPhometest" name="Home" time="1.488"/>
</testsuite> <!-- test.ATPhometest -->
