<?xml version="1.0" encoding="UTF-8"?>
<!-- Generated by org.testng.reporters.JUnitReportReporter -->
<testsuite hostname="DESKTOP-EQ55Q8H" failures="0" tests="1" name="test.ATPaboutustest" time="0.698" errors="0" timestamp="2023-08-31T15:18:59 IST" skipped="0">
  <testcase classname="test.ATPaboutustest" name="AboutUs" time="0.698"/>
</testsuite> <!-- test.ATPaboutustest -->
