<?xml version="1.0" encoding="UTF-8"?>
<!-- Generated by org.testng.reporters.JUnitReportReporter -->
<testsuite hostname="DESKTOP-EQ55Q8H" failures="0" tests="1" name="test.ATPtest" time="177.560" errors="0" timestamp="2023-08-23T11:37:21 IST" skipped="0">
  <testcase classname="test.ATPtest" name="setUp" time="177.560"/>
</testsuite> <!-- test.ATPtest -->
